DEBUG:__main__:[Step-1] Realizando Benchmark
DEBUG:__main__:Fold 0 - Model LRC: ROC-AUC=0.6967163577759872, F1=0.7469879518072289, Acc=0.7021276595744681, Pre=0.6666666666666666, Rec=0.8493150684931506
DEBUG:__main__:Fold 0 - Model RFC: ROC-AUC=0.7879734085414988, F1=0.7887323943661971, Acc=0.7872340425531915, Pre=0.8115942028985508, Rec=0.7671232876712328
DEBUG:__main__:Fold 1 - Model LRC: ROC-AUC=0.6974586526825332, F1=0.6906474820143885, Acc=0.6950354609929078, Pre=0.7384615384615385, Rec=0.6486486486486487
DEBUG:__main__:Fold 1 - Model RFC: ROC-AUC=0.7010891488503428, F1=0.757396449704142, Acc=0.7092198581560284, Pre=0.6736842105263158, Rec=0.8648648648648649
DEBUG:__main__:Fold 2 - Model LRC: ROC-AUC=0.662236761398487, F1=0.735632183908046, Acc=0.6714285714285714, Pre=0.6336633663366337, Rec=0.8767123287671232
DEBUG:__main__:Fold 2 - Model RFC: ROC-AUC=0.7847066039664691, F1=0.7972972972972973, Acc=0.7857142857142857, Pre=0.7866666666666666, Rec=0.8082191780821918
DEBUG:__main__:Fold 3 - Model LRC: ROC-AUC=0.7267429973420568, F1=0.6929133858267716, Acc=0.7214285714285714, Pre=0.8148148148148148, Rec=0.6027397260273972
DEBUG:__main__:Fold 3 - Model RFC: ROC-AUC=0.693212022081374, F1=0.6993006993006993, Acc=0.6928571428571428, Pre=0.7142857142857143, Rec=0.684931506849315
DEBUG:__main__:Fold 4 - Model LRC: ROC-AUC=0.65906767532202, F1=0.7080745341614907, Acc=0.6642857142857143, Pre=0.6477272727272727, Rec=0.7808219178082192
DEBUG:__main__:Fold 4 - Model RFC: ROC-AUC=0.7355346554896749, F1=0.7448275862068966, Acc=0.7357142857142858, Pre=0.75, Rec=0.7397260273972602
DEBUG:__main__:Fold 5 - Model LRC: ROC-AUC=0.7269474545082804, F1=0.7861271676300579, Acc=0.7357142857142858, Pre=0.68, Rec=0.9315068493150684
DEBUG:__main__:Fold 5 - Model RFC: ROC-AUC=0.7299120834185239, F1=0.7285714285714285, Acc=0.7285714285714285, Pre=0.7611940298507462, Rec=0.6986301369863014
DEBUG:__main__:Fold 6 - Model LRC: ROC-AUC=0.5869965242281743, F1=0.6989247311827957, Acc=0.6, Pre=0.5752212389380531, Rec=0.8904109589041096
DEBUG:__main__:Fold 6 - Model RFC: ROC-AUC=0.613575955837252, F1=0.6301369863013698, Acc=0.6142857142857143, Pre=0.6301369863013698, Rec=0.6301369863013698
DEBUG:__main__:Fold 7 - Model LRC: ROC-AUC=0.703230423226334, F1=0.7388535031847133, Acc=0.7071428571428572, Pre=0.6904761904761905, Rec=0.7945205479452054
DEBUG:__main__:Fold 7 - Model RFC: ROC-AUC=0.6644857902269473, F1=0.6, Acc=0.6571428571428571, Pre=0.7659574468085106, Rec=0.4931506849315068
DEBUG:__main__:Fold 8 - Model LRC: ROC-AUC=0.6777755060314864, F1=0.7411764705882353, Acc=0.6857142857142857, Pre=0.6494845360824743, Rec=0.863013698630137
DEBUG:__main__:Fold 8 - Model RFC: ROC-AUC=0.6975056225720712, F1=0.6666666666666666, Acc=0.6928571428571428, Pre=0.7678571428571429, Rec=0.589041095890411
DEBUG:__main__:Fold 9 - Model LRC: ROC-AUC=0.6907585360866898, F1=0.7152317880794702, Acc=0.6928571428571428, Pre=0.6923076923076923, Rec=0.7397260273972602
DEBUG:__main__:Fold 9 - Model RFC: ROC-AUC=0.7068084236352484, F1=0.6557377049180327, Acc=0.7, Pre=0.8163265306122449, Rec=0.547945205479452
DEBUG:__main__:
[Step-2] Selecionando Melhor Modelo
DEBUG:__main__:
Best Model RFC
DEBUG:__main__:
[Step-3] Criando o Modelo Final
DEBUG:__main__:Champion RFC: ROC-AUC=0.7151310228233305, F1=0.6857142857142857, Acc=0.717948717948718, Pre=0.7397260273972602, Rec=0.6390532544378699
